The system is: Linux - 4.15.0-47-generic - x86_64
Compiling the C compiler identification source file "CMakeCCompilerId.c" succeeded.
Compiler: /home/sveta/anaconda3/bin/cc 
Build flags: 
Id flags:  

The output was:
0


Compilation of the C compiler identification source "CMakeCCompilerId.c" produced "a.out"

The C compiler identification is GNU, found in "/home/sveta/Документы/sveta/workspace/otuscpp1/CMakeFiles/3.10.2/CompilerIdC/a.out"

Compiling the CXX compiler identification source file "CMakeCXXCompilerId.cpp" succeeded.
Compiler: /home/sveta/anaconda3/bin/c++ 
Build flags: 
Id flags:  

The output was:
0


Compilation of the CXX compiler identification source "CMakeCXXCompilerId.cpp" produced "a.out"

The CXX compiler identification is GNU, found in "/home/sveta/Документы/sveta/workspace/otuscpp1/CMakeFiles/3.10.2/CompilerIdCXX/a.out"

Determining if the C compiler works passed with the following output:
Change Dir: /home/sveta/Документы/sveta/workspace/otuscpp1/CMakeFiles/CMakeTmp

Run Build Command:"/usr/bin/make" "cmTC_7e2f0/fast"
/usr/bin/make -f CMakeFiles/cmTC_7e2f0.dir/build.make CMakeFiles/cmTC_7e2f0.dir/build
make[1]: вход в каталог «/home/sveta/Документы/sveta/workspace/otuscpp1/CMakeFiles/CMakeTmp»
Building C object CMakeFiles/cmTC_7e2f0.dir/testCCompiler.c.o
/home/sveta/anaconda3/bin/cc    -o CMakeFiles/cmTC_7e2f0.dir/testCCompiler.c.o   -c /home/sveta/Документы/sveta/workspace/otuscpp1/CMakeFiles/CMakeTmp/testCCompiler.c
Linking C executable cmTC_7e2f0
/usr/bin/cmake -E cmake_link_script CMakeFiles/cmTC_7e2f0.dir/link.txt --verbose=1
/home/sveta/anaconda3/bin/cc      -rdynamic CMakeFiles/cmTC_7e2f0.dir/testCCompiler.c.o  -o cmTC_7e2f0 
make[1]: выход из каталога «/home/sveta/Документы/sveta/workspace/otuscpp1/CMakeFiles/CMakeTmp»


Detecting C compiler ABI info compiled with the following output:
Change Dir: /home/sveta/Документы/sveta/workspace/otuscpp1/CMakeFiles/CMakeTmp

Run Build Command:"/usr/bin/make" "cmTC_c4b6b/fast"
/usr/bin/make -f CMakeFiles/cmTC_c4b6b.dir/build.make CMakeFiles/cmTC_c4b6b.dir/build
make[1]: вход в каталог «/home/sveta/Документы/sveta/workspace/otuscpp1/CMakeFiles/CMakeTmp»
Building C object CMakeFiles/cmTC_c4b6b.dir/CMakeCCompilerABI.c.o
/home/sveta/anaconda3/bin/cc    -o CMakeFiles/cmTC_c4b6b.dir/CMakeCCompilerABI.c.o   -c /usr/share/cmake-3.10/Modules/CMakeCCompilerABI.c
Linking C executable cmTC_c4b6b
/usr/bin/cmake -E cmake_link_script CMakeFiles/cmTC_c4b6b.dir/link.txt --verbose=1
/home/sveta/anaconda3/bin/cc     -v -rdynamic CMakeFiles/cmTC_c4b6b.dir/CMakeCCompilerABI.c.o  -o cmTC_c4b6b 
Спецификации прочитаны из /home/sveta/anaconda3/bin/../lib/gcc/x86_64-unknown-linux-gnu/4.8.5/specs
COLLECT_GCC=/home/sveta/anaconda3/bin/cc
COLLECT_LTO_WRAPPER=/home/sveta/anaconda3/bin/../libexec/gcc/x86_64-unknown-linux-gnu/4.8.5/lto-wrapper
Целевая архитектура: x86_64-unknown-linux-gnu
Параметры конфигурации: ./configure --prefix=/home/ray/mc-x64-2.7/conda-bld/gcc_1479223211463/_b_env_placehold_placehold_placehold_placehold_placehold_placehold_placehold_placehold_placehold_placehold_placehold_placehold_placehold_placehold_placehold_placehold_placehold_placehold_placehold_placehold --with-gxx-include-dir=/home/ray/mc-x64-2.7/conda-bld/gcc_1479223211463/_b_env_placehold_placehold_placehold_placehold_placehold_placehold_placehold_placehold_placehold_placehold_placehold_placehold_placehold_placehold_placehold_placehold_placehold_placehold_placehold_placehold/gcc/include/c++ --bindir=/home/ray/mc-x64-2.7/conda-bld/gcc_1479223211463/_b_env_placehold_placehold_placehold_placehold_placehold_placehold_placehold_placehold_placehold_placehold_placehold_placehold_placehold_placehold_placehold_placehold_placehold_placehold_placehold_placehold/bin --datarootdir=/home/ray/mc-x64-2.7/conda-bld/gcc_1479223211463/_b_env_placehold_placehold_placehold_placehold_placehold_placehold_placehold_placehold_placehold_placehold_placehold_placehold_placehold_placehold_placehold_placehold_placehold_placehold_placehold_placehold/share --libdir=/home/ray/mc-x64-2.7/conda-bld/gcc_1479223211463/_b_env_placehold_placehold_placehold_placehold_placehold_placehold_placehold_placehold_placehold_placehold_placehold_placehold_placehold_placehold_placehold_placehold_placehold_placehold_placehold_placehold/lib --with-gmp=/home/ray/mc-x64-2.7/conda-bld/gcc_1479223211463/_b_env_placehold_placehold_placehold_placehold_placehold_placehold_placehold_placehold_placehold_placehold_placehold_placehold_placehold_placehold_placehold_placehold_placehold_placehold_placehold_placehold --with-mpfr=/home/ray/mc-x64-2.7/conda-bld/gcc_1479223211463/_b_env_placehold_placehold_placehold_placehold_placehold_placehold_placehold_placehold_placehold_placehold_placehold_placehold_placehold_placehold_placehold_placehold_placehold_placehold_placehold_placehold --with-mpc=/home/ray/mc-x64-2.7/conda-bld/gcc_1479223211463/_b_env_placehold_placehold_placehold_placehold_placehold_placehold_placehold_placehold_placehold_placehold_placehold_placehold_placehold_placehold_placehold_placehold_placehold_placehold_placehold_placehold --with-isl=/home/ray/mc-x64-2.7/conda-bld/gcc_1479223211463/_b_env_placehold_placehold_placehold_placehold_placehold_placehold_placehold_placehold_placehold_placehold_placehold_placehold_placehold_placehold_placehold_placehold_placehold_placehold_placehold_placehold --with-cloog=/home/ray/mc-x64-2.7/conda-bld/gcc_1479223211463/_b_env_placehold_placehold_placehold_placehold_placehold_placehold_placehold_placehold_placehold_placehold_placehold_placehold_placehold_placehold_placehold_placehold_placehold_placehold_placehold_placehold --enable-checking=release --with-tune=generic --disable-multilib
Модель многопоточности: posix
gcc версия 4.8.5 (GCC) 
COMPILER_PATH=/home/sveta/anaconda3/bin/../libexec/gcc/x86_64-unknown-linux-gnu/4.8.5/:/home/sveta/anaconda3/bin/../libexec/gcc/
LIBRARY_PATH=/home/sveta/anaconda3/bin/../lib/gcc/x86_64-unknown-linux-gnu/4.8.5/:/home/sveta/anaconda3/bin/../lib/gcc/:/home/sveta/anaconda3/bin/../lib/gcc/x86_64-unknown-linux-gnu/4.8.5/../../../../lib/:/lib/../lib/:/usr/lib/../lib/:/home/sveta/anaconda3/bin/../lib/gcc/x86_64-unknown-linux-gnu/4.8.5/../../../:/lib/:/usr/lib/
COLLECT_GCC_OPTIONS='-v' '-rdynamic' '-o' 'cmTC_c4b6b' '-mtune=generic' '-march=x86-64'
 /home/sveta/anaconda3/bin/../libexec/gcc/x86_64-unknown-linux-gnu/4.8.5/collect2 --eh-frame-hdr -m elf_x86_64 -export-dynamic -dynamic-linker /lib64/ld-linux-x86-64.so.2 -o cmTC_c4b6b /home/sveta/anaconda3/bin/../lib/gcc/x86_64-unknown-linux-gnu/4.8.5/crt1.o /home/sveta/anaconda3/bin/../lib/gcc/x86_64-unknown-linux-gnu/4.8.5/crti.o /home/sveta/anaconda3/bin/../lib/gcc/x86_64-unknown-linux-gnu/4.8.5/crtbegin.o -L/home/sveta/anaconda3/bin/../lib/gcc/x86_64-unknown-linux-gnu/4.8.5 -L/home/sveta/anaconda3/bin/../lib/gcc -L/home/sveta/anaconda3/bin/../lib/gcc/x86_64-unknown-linux-gnu/4.8.5/../../../../lib -L/lib/../lib -L/usr/lib/../lib -L/home/sveta/anaconda3/bin/../lib/gcc/x86_64-unknown-linux-gnu/4.8.5/../../.. CMakeFiles/cmTC_c4b6b.dir/CMakeCCompilerABI.c.o -lgcc --as-needed -lgcc_s --no-as-needed -lc -lgcc --as-needed -lgcc_s --no-as-needed /home/sveta/anaconda3/bin/../lib/gcc/x86_64-unknown-linux-gnu/4.8.5/crtend.o /home/sveta/anaconda3/bin/../lib/gcc/x86_64-unknown-linux-gnu/4.8.5/crtn.o
make[1]: выход из каталога «/home/sveta/Документы/sveta/workspace/otuscpp1/CMakeFiles/CMakeTmp»


Parsed C implicit link information from above output:
  link line regex: [^( *|.*[/\])(ld|CMAKE_LINK_STARTFILE-NOTFOUND|([^/\]+-)?ld|collect2)[^/\]*( |$)]
  ignore line: [Change Dir: /home/sveta/Документы/sveta/workspace/otuscpp1/CMakeFiles/CMakeTmp]
  ignore line: []
  ignore line: [Run Build Command:"/usr/bin/make" "cmTC_c4b6b/fast"]
  ignore line: [/usr/bin/make -f CMakeFiles/cmTC_c4b6b.dir/build.make CMakeFiles/cmTC_c4b6b.dir/build]
  ignore line: [make[1]: вход в каталог «/home/sveta/Документы/sveta/workspace/otuscpp1/CMakeFiles/CMakeTmp»]
  ignore line: [Building C object CMakeFiles/cmTC_c4b6b.dir/CMakeCCompilerABI.c.o]
  ignore line: [/home/sveta/anaconda3/bin/cc    -o CMakeFiles/cmTC_c4b6b.dir/CMakeCCompilerABI.c.o   -c /usr/share/cmake-3.10/Modules/CMakeCCompilerABI.c]
  ignore line: [Linking C executable cmTC_c4b6b]
  ignore line: [/usr/bin/cmake -E cmake_link_script CMakeFiles/cmTC_c4b6b.dir/link.txt --verbose=1]
  ignore line: [/home/sveta/anaconda3/bin/cc     -v -rdynamic CMakeFiles/cmTC_c4b6b.dir/CMakeCCompilerABI.c.o  -o cmTC_c4b6b ]
  ignore line: [Спецификации прочитаны из /home/sveta/anaconda3/bin/../lib/gcc/x86_64-unknown-linux-gnu/4.8.5/specs]
  ignore line: [COLLECT_GCC=/home/sveta/anaconda3/bin/cc]
  ignore line: [COLLECT_LTO_WRAPPER=/home/sveta/anaconda3/bin/../libexec/gcc/x86_64-unknown-linux-gnu/4.8.5/lto-wrapper]
  ignore line: [Целевая архитектура: x86_64-unknown-linux-gnu]
  ignore line: [Параметры конфигурации: ./configure --prefix=/home/ray/mc-x64-2.7/conda-bld/gcc_1479223211463/_b_env_placehold_placehold_placehold_placehold_placehold_placehold_placehold_placehold_placehold_placehold_placehold_placehold_placehold_placehold_placehold_placehold_placehold_placehold_placehold_placehold --with-gxx-include-dir=/home/ray/mc-x64-2.7/conda-bld/gcc_1479223211463/_b_env_placehold_placehold_placehold_placehold_placehold_placehold_placehold_placehold_placehold_placehold_placehold_placehold_placehold_placehold_placehold_placehold_placehold_placehold_placehold_placehold/gcc/include/c++ --bindir=/home/ray/mc-x64-2.7/conda-bld/gcc_1479223211463/_b_env_placehold_placehold_placehold_placehold_placehold_placehold_placehold_placehold_placehold_placehold_placehold_placehold_placehold_placehold_placehold_placehold_placehold_placehold_placehold_placehold/bin --datarootdir=/home/ray/mc-x64-2.7/conda-bld/gcc_1479223211463/_b_env_placehold_placehold_placehold_placehold_placehold_placehold_placehold_placehold_placehold_placehold_placehold_placehold_placehold_placehold_placehold_placehold_placehold_placehold_placehold_placehold/share --libdir=/home/ray/mc-x64-2.7/conda-bld/gcc_1479223211463/_b_env_placehold_placehold_placehold_placehold_placehold_placehold_placehold_placehold_placehold_placehold_placehold_placehold_placehold_placehold_placehold_placehold_placehold_placehold_placehold_placehold/lib --with-gmp=/home/ray/mc-x64-2.7/conda-bld/gcc_1479223211463/_b_env_placehold_placehold_placehold_placehold_placehold_placehold_placehold_placehold_placehold_placehold_placehold_placehold_placehold_placehold_placehold_placehold_placehold_placehold_placehold_placehold --with-mpfr=/home/ray/mc-x64-2.7/conda-bld/gcc_1479223211463/_b_env_placehold_placehold_placehold_placehold_placehold_placehold_placehold_placehold_placehold_placehold_placehold_placehold_placehold_placehold_placehold_placehold_placehold_placehold_placehold_placehold --with-mpc=/home/ray/mc-x64-2.7/conda-bld/gcc_1479223211463/_b_env_placehold_placehold_placehold_placehold_placehold_placehold_placehold_placehold_placehold_placehold_placehold_placehold_placehold_placehold_placehold_placehold_placehold_placehold_placehold_placehold --with-isl=/home/ray/mc-x64-2.7/conda-bld/gcc_1479223211463/_b_env_placehold_placehold_placehold_placehold_placehold_placehold_placehold_placehold_placehold_placehold_placehold_placehold_placehold_placehold_placehold_placehold_placehold_placehold_placehold_placehold --with-cloog=/home/ray/mc-x64-2.7/conda-bld/gcc_1479223211463/_b_env_placehold_placehold_placehold_placehold_placehold_placehold_placehold_placehold_placehold_placehold_placehold_placehold_placehold_placehold_placehold_placehold_placehold_placehold_placehold_placehold --enable-checking=release --with-tune=generic --disable-multilib]
  ignore line: [Модель многопоточности: posix]
  ignore line: [gcc версия 4.8.5 (GCC) ]
  ignore line: [COMPILER_PATH=/home/sveta/anaconda3/bin/../libexec/gcc/x86_64-unknown-linux-gnu/4.8.5/:/home/sveta/anaconda3/bin/../libexec/gcc/]
  ignore line: [LIBRARY_PATH=/home/sveta/anaconda3/bin/../lib/gcc/x86_64-unknown-linux-gnu/4.8.5/:/home/sveta/anaconda3/bin/../lib/gcc/:/home/sveta/anaconda3/bin/../lib/gcc/x86_64-unknown-linux-gnu/4.8.5/../../../../lib/:/lib/../lib/:/usr/lib/../lib/:/home/sveta/anaconda3/bin/../lib/gcc/x86_64-unknown-linux-gnu/4.8.5/../../../:/lib/:/usr/lib/]
  ignore line: [COLLECT_GCC_OPTIONS='-v' '-rdynamic' '-o' 'cmTC_c4b6b' '-mtune=generic' '-march=x86-64']
  link line: [ /home/sveta/anaconda3/bin/../libexec/gcc/x86_64-unknown-linux-gnu/4.8.5/collect2 --eh-frame-hdr -m elf_x86_64 -export-dynamic -dynamic-linker /lib64/ld-linux-x86-64.so.2 -o cmTC_c4b6b /home/sveta/anaconda3/bin/../lib/gcc/x86_64-unknown-linux-gnu/4.8.5/crt1.o /home/sveta/anaconda3/bin/../lib/gcc/x86_64-unknown-linux-gnu/4.8.5/crti.o /home/sveta/anaconda3/bin/../lib/gcc/x86_64-unknown-linux-gnu/4.8.5/crtbegin.o -L/home/sveta/anaconda3/bin/../lib/gcc/x86_64-unknown-linux-gnu/4.8.5 -L/home/sveta/anaconda3/bin/../lib/gcc -L/home/sveta/anaconda3/bin/../lib/gcc/x86_64-unknown-linux-gnu/4.8.5/../../../../lib -L/lib/../lib -L/usr/lib/../lib -L/home/sveta/anaconda3/bin/../lib/gcc/x86_64-unknown-linux-gnu/4.8.5/../../.. CMakeFiles/cmTC_c4b6b.dir/CMakeCCompilerABI.c.o -lgcc --as-needed -lgcc_s --no-as-needed -lc -lgcc --as-needed -lgcc_s --no-as-needed /home/sveta/anaconda3/bin/../lib/gcc/x86_64-unknown-linux-gnu/4.8.5/crtend.o /home/sveta/anaconda3/bin/../lib/gcc/x86_64-unknown-linux-gnu/4.8.5/crtn.o]
    arg [/home/sveta/anaconda3/bin/../libexec/gcc/x86_64-unknown-linux-gnu/4.8.5/collect2] ==> ignore
    arg [--eh-frame-hdr] ==> ignore
    arg [-m] ==> ignore
    arg [elf_x86_64] ==> ignore
    arg [-export-dynamic] ==> ignore
    arg [-dynamic-linker] ==> ignore
    arg [/lib64/ld-linux-x86-64.so.2] ==> ignore
    arg [-o] ==> ignore
    arg [cmTC_c4b6b] ==> ignore
    arg [/home/sveta/anaconda3/bin/../lib/gcc/x86_64-unknown-linux-gnu/4.8.5/crt1.o] ==> ignore
    arg [/home/sveta/anaconda3/bin/../lib/gcc/x86_64-unknown-linux-gnu/4.8.5/crti.o] ==> ignore
    arg [/home/sveta/anaconda3/bin/../lib/gcc/x86_64-unknown-linux-gnu/4.8.5/crtbegin.o] ==> ignore
    arg [-L/home/sveta/anaconda3/bin/../lib/gcc/x86_64-unknown-linux-gnu/4.8.5] ==> dir [/home/sveta/anaconda3/bin/../lib/gcc/x86_64-unknown-linux-gnu/4.8.5]
    arg [-L/home/sveta/anaconda3/bin/../lib/gcc] ==> dir [/home/sveta/anaconda3/bin/../lib/gcc]
    arg [-L/home/sveta/anaconda3/bin/../lib/gcc/x86_64-unknown-linux-gnu/4.8.5/../../../../lib] ==> dir [/home/sveta/anaconda3/bin/../lib/gcc/x86_64-unknown-linux-gnu/4.8.5/../../../../lib]
    arg [-L/lib/../lib] ==> dir [/lib/../lib]
    arg [-L/usr/lib/../lib] ==> dir [/usr/lib/../lib]
    arg [-L/home/sveta/anaconda3/bin/../lib/gcc/x86_64-unknown-linux-gnu/4.8.5/../../..] ==> dir [/home/sveta/anaconda3/bin/../lib/gcc/x86_64-unknown-linux-gnu/4.8.5/../../..]
    arg [CMakeFiles/cmTC_c4b6b.dir/CMakeCCompilerABI.c.o] ==> ignore
    arg [-lgcc] ==> lib [gcc]
    arg [--as-needed] ==> ignore
    arg [-lgcc_s] ==> lib [gcc_s]
    arg [--no-as-needed] ==> ignore
    arg [-lc] ==> lib [c]
    arg [-lgcc] ==> lib [gcc]
    arg [--as-needed] ==> ignore
    arg [-lgcc_s] ==> lib [gcc_s]
    arg [--no-as-needed] ==> ignore
    arg [/home/sveta/anaconda3/bin/../lib/gcc/x86_64-unknown-linux-gnu/4.8.5/crtend.o] ==> ignore
    arg [/home/sveta/anaconda3/bin/../lib/gcc/x86_64-unknown-linux-gnu/4.8.5/crtn.o] ==> ignore
  collapse library dir [/home/sveta/anaconda3/bin/../lib/gcc/x86_64-unknown-linux-gnu/4.8.5] ==> [/home/sveta/anaconda3/lib/gcc/x86_64-unknown-linux-gnu/4.8.5]
  collapse library dir [/home/sveta/anaconda3/bin/../lib/gcc] ==> [/home/sveta/anaconda3/lib/gcc]
  collapse library dir [/home/sveta/anaconda3/bin/../lib/gcc/x86_64-unknown-linux-gnu/4.8.5/../../../../lib] ==> [/home/sveta/anaconda3/lib]
  collapse library dir [/lib/../lib] ==> [/lib]
  collapse library dir [/usr/lib/../lib] ==> [/usr/lib]
  collapse library dir [/home/sveta/anaconda3/bin/../lib/gcc/x86_64-unknown-linux-gnu/4.8.5/../../..] ==> [/home/sveta/anaconda3/lib]
  implicit libs: [gcc;gcc_s;c;gcc;gcc_s]
  implicit dirs: [/home/sveta/anaconda3/lib/gcc/x86_64-unknown-linux-gnu/4.8.5;/home/sveta/anaconda3/lib/gcc;/home/sveta/anaconda3/lib;/lib;/usr/lib]
  implicit fwks: []




Detecting C [-std=c11] compiler features compiled with the following output:
Change Dir: /home/sveta/Документы/sveta/workspace/otuscpp1/CMakeFiles/CMakeTmp

Run Build Command:"/usr/bin/make" "cmTC_9e2a7/fast"
/usr/bin/make -f CMakeFiles/cmTC_9e2a7.dir/build.make CMakeFiles/cmTC_9e2a7.dir/build
make[1]: вход в каталог «/home/sveta/Документы/sveta/workspace/otuscpp1/CMakeFiles/CMakeTmp»
Building C object CMakeFiles/cmTC_9e2a7.dir/feature_tests.c.o
/home/sveta/anaconda3/bin/cc   -std=c11 -o CMakeFiles/cmTC_9e2a7.dir/feature_tests.c.o   -c /home/sveta/Документы/sveta/workspace/otuscpp1/CMakeFiles/feature_tests.c
Linking C executable cmTC_9e2a7
/usr/bin/cmake -E cmake_link_script CMakeFiles/cmTC_9e2a7.dir/link.txt --verbose=1
/home/sveta/anaconda3/bin/cc      -rdynamic CMakeFiles/cmTC_9e2a7.dir/feature_tests.c.o  -o cmTC_9e2a7 
make[1]: выход из каталога «/home/sveta/Документы/sveta/workspace/otuscpp1/CMakeFiles/CMakeTmp»


    Feature record: C_FEATURE:1c_function_prototypes
    Feature record: C_FEATURE:1c_restrict
    Feature record: C_FEATURE:1c_static_assert
    Feature record: C_FEATURE:1c_variadic_macros


Detecting C [-std=c99] compiler features compiled with the following output:
Change Dir: /home/sveta/Документы/sveta/workspace/otuscpp1/CMakeFiles/CMakeTmp

Run Build Command:"/usr/bin/make" "cmTC_c2b74/fast"
/usr/bin/make -f CMakeFiles/cmTC_c2b74.dir/build.make CMakeFiles/cmTC_c2b74.dir/build
make[1]: вход в каталог «/home/sveta/Документы/sveta/workspace/otuscpp1/CMakeFiles/CMakeTmp»
Building C object CMakeFiles/cmTC_c2b74.dir/feature_tests.c.o
/home/sveta/anaconda3/bin/cc   -std=c99 -o CMakeFiles/cmTC_c2b74.dir/feature_tests.c.o   -c /home/sveta/Документы/sveta/workspace/otuscpp1/CMakeFiles/feature_tests.c
Linking C executable cmTC_c2b74
/usr/bin/cmake -E cmake_link_script CMakeFiles/cmTC_c2b74.dir/link.txt --verbose=1
/home/sveta/anaconda3/bin/cc      -rdynamic CMakeFiles/cmTC_c2b74.dir/feature_tests.c.o  -o cmTC_c2b74 
make[1]: выход из каталога «/home/sveta/Документы/sveta/workspace/otuscpp1/CMakeFiles/CMakeTmp»


    Feature record: C_FEATURE:1c_function_prototypes
    Feature record: C_FEATURE:1c_restrict
    Feature record: C_FEATURE:0c_static_assert
    Feature record: C_FEATURE:1c_variadic_macros


Detecting C [-std=c90] compiler features compiled with the following output:
Change Dir: /home/sveta/Документы/sveta/workspace/otuscpp1/CMakeFiles/CMakeTmp

Run Build Command:"/usr/bin/make" "cmTC_7e82b/fast"
/usr/bin/make -f CMakeFiles/cmTC_7e82b.dir/build.make CMakeFiles/cmTC_7e82b.dir/build
make[1]: вход в каталог «/home/sveta/Документы/sveta/workspace/otuscpp1/CMakeFiles/CMakeTmp»
Building C object CMakeFiles/cmTC_7e82b.dir/feature_tests.c.o
/home/sveta/anaconda3/bin/cc   -std=c90 -o CMakeFiles/cmTC_7e82b.dir/feature_tests.c.o   -c /home/sveta/Документы/sveta/workspace/otuscpp1/CMakeFiles/feature_tests.c
Linking C executable cmTC_7e82b
/usr/bin/cmake -E cmake_link_script CMakeFiles/cmTC_7e82b.dir/link.txt --verbose=1
/home/sveta/anaconda3/bin/cc      -rdynamic CMakeFiles/cmTC_7e82b.dir/feature_tests.c.o  -o cmTC_7e82b 
make[1]: выход из каталога «/home/sveta/Документы/sveta/workspace/otuscpp1/CMakeFiles/CMakeTmp»


    Feature record: C_FEATURE:1c_function_prototypes
    Feature record: C_FEATURE:0c_restrict
    Feature record: C_FEATURE:0c_static_assert
    Feature record: C_FEATURE:0c_variadic_macros
Determining if the CXX compiler works passed with the following output:
Change Dir: /home/sveta/Документы/sveta/workspace/otuscpp1/CMakeFiles/CMakeTmp

Run Build Command:"/usr/bin/make" "cmTC_87fcc/fast"
/usr/bin/make -f CMakeFiles/cmTC_87fcc.dir/build.make CMakeFiles/cmTC_87fcc.dir/build
make[1]: вход в каталог «/home/sveta/Документы/sveta/workspace/otuscpp1/CMakeFiles/CMakeTmp»
Building CXX object CMakeFiles/cmTC_87fcc.dir/testCXXCompiler.cxx.o
/home/sveta/anaconda3/bin/c++     -o CMakeFiles/cmTC_87fcc.dir/testCXXCompiler.cxx.o -c /home/sveta/Документы/sveta/workspace/otuscpp1/CMakeFiles/CMakeTmp/testCXXCompiler.cxx
Linking CXX executable cmTC_87fcc
/usr/bin/cmake -E cmake_link_script CMakeFiles/cmTC_87fcc.dir/link.txt --verbose=1
/home/sveta/anaconda3/bin/c++       -rdynamic CMakeFiles/cmTC_87fcc.dir/testCXXCompiler.cxx.o  -o cmTC_87fcc 
make[1]: выход из каталога «/home/sveta/Документы/sveta/workspace/otuscpp1/CMakeFiles/CMakeTmp»


Detecting CXX compiler ABI info compiled with the following output:
Change Dir: /home/sveta/Документы/sveta/workspace/otuscpp1/CMakeFiles/CMakeTmp

Run Build Command:"/usr/bin/make" "cmTC_59372/fast"
/usr/bin/make -f CMakeFiles/cmTC_59372.dir/build.make CMakeFiles/cmTC_59372.dir/build
make[1]: вход в каталог «/home/sveta/Документы/sveta/workspace/otuscpp1/CMakeFiles/CMakeTmp»
Building CXX object CMakeFiles/cmTC_59372.dir/CMakeCXXCompilerABI.cpp.o
/home/sveta/anaconda3/bin/c++     -o CMakeFiles/cmTC_59372.dir/CMakeCXXCompilerABI.cpp.o -c /usr/share/cmake-3.10/Modules/CMakeCXXCompilerABI.cpp
Linking CXX executable cmTC_59372
/usr/bin/cmake -E cmake_link_script CMakeFiles/cmTC_59372.dir/link.txt --verbose=1
/home/sveta/anaconda3/bin/c++      -v -rdynamic CMakeFiles/cmTC_59372.dir/CMakeCXXCompilerABI.cpp.o  -o cmTC_59372 
Спецификации прочитаны из /home/sveta/anaconda3/bin/../lib/gcc/x86_64-unknown-linux-gnu/4.8.5/specs
COLLECT_GCC=/home/sveta/anaconda3/bin/c++
COLLECT_LTO_WRAPPER=/home/sveta/anaconda3/bin/../libexec/gcc/x86_64-unknown-linux-gnu/4.8.5/lto-wrapper
Целевая архитектура: x86_64-unknown-linux-gnu
Параметры конфигурации: ./configure --prefix=/home/ray/mc-x64-2.7/conda-bld/gcc_1479223211463/_b_env_placehold_placehold_placehold_placehold_placehold_placehold_placehold_placehold_placehold_placehold_placehold_placehold_placehold_placehold_placehold_placehold_placehold_placehold_placehold_placehold --with-gxx-include-dir=/home/ray/mc-x64-2.7/conda-bld/gcc_1479223211463/_b_env_placehold_placehold_placehold_placehold_placehold_placehold_placehold_placehold_placehold_placehold_placehold_placehold_placehold_placehold_placehold_placehold_placehold_placehold_placehold_placehold/gcc/include/c++ --bindir=/home/ray/mc-x64-2.7/conda-bld/gcc_1479223211463/_b_env_placehold_placehold_placehold_placehold_placehold_placehold_placehold_placehold_placehold_placehold_placehold_placehold_placehold_placehold_placehold_placehold_placehold_placehold_placehold_placehold/bin --datarootdir=/home/ray/mc-x64-2.7/conda-bld/gcc_1479223211463/_b_env_placehold_placehold_placehold_placehold_placehold_placehold_placehold_placehold_placehold_placehold_placehold_placehold_placehold_placehold_placehold_placehold_placehold_placehold_placehold_placehold/share --libdir=/home/ray/mc-x64-2.7/conda-bld/gcc_1479223211463/_b_env_placehold_placehold_placehold_placehold_placehold_placehold_placehold_placehold_placehold_placehold_placehold_placehold_placehold_placehold_placehold_placehold_placehold_placehold_placehold_placehold/lib --with-gmp=/home/ray/mc-x64-2.7/conda-bld/gcc_1479223211463/_b_env_placehold_placehold_placehold_placehold_placehold_placehold_placehold_placehold_placehold_placehold_placehold_placehold_placehold_placehold_placehold_placehold_placehold_placehold_placehold_placehold --with-mpfr=/home/ray/mc-x64-2.7/conda-bld/gcc_1479223211463/_b_env_placehold_placehold_placehold_placehold_placehold_placehold_placehold_placehold_placehold_placehold_placehold_placehold_placehold_placehold_placehold_placehold_placehold_placehold_placehold_placehold --with-mpc=/home/ray/mc-x64-2.7/conda-bld/gcc_1479223211463/_b_env_placehold_placehold_placehold_placehold_placehold_placehold_placehold_placehold_placehold_placehold_placehold_placehold_placehold_placehold_placehold_placehold_placehold_placehold_placehold_placehold --with-isl=/home/ray/mc-x64-2.7/conda-bld/gcc_1479223211463/_b_env_placehold_placehold_placehold_placehold_placehold_placehold_placehold_placehold_placehold_placehold_placehold_placehold_placehold_placehold_placehold_placehold_placehold_placehold_placehold_placehold --with-cloog=/home/ray/mc-x64-2.7/conda-bld/gcc_1479223211463/_b_env_placehold_placehold_placehold_placehold_placehold_placehold_placehold_placehold_placehold_placehold_placehold_placehold_placehold_placehold_placehold_placehold_placehold_placehold_placehold_placehold --enable-checking=release --with-tune=generic --disable-multilib
Модель многопоточности: posix
gcc версия 4.8.5 (GCC) 
COMPILER_PATH=/home/sveta/anaconda3/bin/../libexec/gcc/x86_64-unknown-linux-gnu/4.8.5/:/home/sveta/anaconda3/bin/../libexec/gcc/
LIBRARY_PATH=/home/sveta/anaconda3/bin/../lib/gcc/x86_64-unknown-linux-gnu/4.8.5/:/home/sveta/anaconda3/bin/../lib/gcc/:/home/sveta/anaconda3/bin/../lib/gcc/x86_64-unknown-linux-gnu/4.8.5/../../../../lib/:/lib/../lib/:/usr/lib/../lib/:/home/sveta/anaconda3/bin/../lib/gcc/x86_64-unknown-linux-gnu/4.8.5/../../../:/lib/:/usr/lib/
COLLECT_GCC_OPTIONS='-v' '-rdynamic' '-o' 'cmTC_59372' '-shared-libgcc' '-mtune=generic' '-march=x86-64'
 /home/sveta/anaconda3/bin/../libexec/gcc/x86_64-unknown-linux-gnu/4.8.5/collect2 --eh-frame-hdr -m elf_x86_64 -export-dynamic -dynamic-linker /lib64/ld-linux-x86-64.so.2 -o cmTC_59372 /home/sveta/anaconda3/bin/../lib/gcc/x86_64-unknown-linux-gnu/4.8.5/crt1.o /home/sveta/anaconda3/bin/../lib/gcc/x86_64-unknown-linux-gnu/4.8.5/crti.o /home/sveta/anaconda3/bin/../lib/gcc/x86_64-unknown-linux-gnu/4.8.5/crtbegin.o -L/home/sveta/anaconda3/bin/../lib/gcc/x86_64-unknown-linux-gnu/4.8.5 -L/home/sveta/anaconda3/bin/../lib/gcc -L/home/sveta/anaconda3/bin/../lib/gcc/x86_64-unknown-linux-gnu/4.8.5/../../../../lib -L/lib/../lib -L/usr/lib/../lib -L/home/sveta/anaconda3/bin/../lib/gcc/x86_64-unknown-linux-gnu/4.8.5/../../.. CMakeFiles/cmTC_59372.dir/CMakeCXXCompilerABI.cpp.o -lstdc++ -lm -lgcc_s -lgcc -lc -lgcc_s -lgcc /home/sveta/anaconda3/bin/../lib/gcc/x86_64-unknown-linux-gnu/4.8.5/crtend.o /home/sveta/anaconda3/bin/../lib/gcc/x86_64-unknown-linux-gnu/4.8.5/crtn.o
make[1]: выход из каталога «/home/sveta/Документы/sveta/workspace/otuscpp1/CMakeFiles/CMakeTmp»


Parsed CXX implicit link information from above output:
  link line regex: [^( *|.*[/\])(ld|CMAKE_LINK_STARTFILE-NOTFOUND|([^/\]+-)?ld|collect2)[^/\]*( |$)]
  ignore line: [Change Dir: /home/sveta/Документы/sveta/workspace/otuscpp1/CMakeFiles/CMakeTmp]
  ignore line: []
  ignore line: [Run Build Command:"/usr/bin/make" "cmTC_59372/fast"]
  ignore line: [/usr/bin/make -f CMakeFiles/cmTC_59372.dir/build.make CMakeFiles/cmTC_59372.dir/build]
  ignore line: [make[1]: вход в каталог «/home/sveta/Документы/sveta/workspace/otuscpp1/CMakeFiles/CMakeTmp»]
  ignore line: [Building CXX object CMakeFiles/cmTC_59372.dir/CMakeCXXCompilerABI.cpp.o]
  ignore line: [/home/sveta/anaconda3/bin/c++     -o CMakeFiles/cmTC_59372.dir/CMakeCXXCompilerABI.cpp.o -c /usr/share/cmake-3.10/Modules/CMakeCXXCompilerABI.cpp]
  ignore line: [Linking CXX executable cmTC_59372]
  ignore line: [/usr/bin/cmake -E cmake_link_script CMakeFiles/cmTC_59372.dir/link.txt --verbose=1]
  ignore line: [/home/sveta/anaconda3/bin/c++      -v -rdynamic CMakeFiles/cmTC_59372.dir/CMakeCXXCompilerABI.cpp.o  -o cmTC_59372 ]
  ignore line: [Спецификации прочитаны из /home/sveta/anaconda3/bin/../lib/gcc/x86_64-unknown-linux-gnu/4.8.5/specs]
  ignore line: [COLLECT_GCC=/home/sveta/anaconda3/bin/c++]
  ignore line: [COLLECT_LTO_WRAPPER=/home/sveta/anaconda3/bin/../libexec/gcc/x86_64-unknown-linux-gnu/4.8.5/lto-wrapper]
  ignore line: [Целевая архитектура: x86_64-unknown-linux-gnu]
  ignore line: [Параметры конфигурации: ./configure --prefix=/home/ray/mc-x64-2.7/conda-bld/gcc_1479223211463/_b_env_placehold_placehold_placehold_placehold_placehold_placehold_placehold_placehold_placehold_placehold_placehold_placehold_placehold_placehold_placehold_placehold_placehold_placehold_placehold_placehold --with-gxx-include-dir=/home/ray/mc-x64-2.7/conda-bld/gcc_1479223211463/_b_env_placehold_placehold_placehold_placehold_placehold_placehold_placehold_placehold_placehold_placehold_placehold_placehold_placehold_placehold_placehold_placehold_placehold_placehold_placehold_placehold/gcc/include/c++ --bindir=/home/ray/mc-x64-2.7/conda-bld/gcc_1479223211463/_b_env_placehold_placehold_placehold_placehold_placehold_placehold_placehold_placehold_placehold_placehold_placehold_placehold_placehold_placehold_placehold_placehold_placehold_placehold_placehold_placehold/bin --datarootdir=/home/ray/mc-x64-2.7/conda-bld/gcc_1479223211463/_b_env_placehold_placehold_placehold_placehold_placehold_placehold_placehold_placehold_placehold_placehold_placehold_placehold_placehold_placehold_placehold_placehold_placehold_placehold_placehold_placehold/share --libdir=/home/ray/mc-x64-2.7/conda-bld/gcc_1479223211463/_b_env_placehold_placehold_placehold_placehold_placehold_placehold_placehold_placehold_placehold_placehold_placehold_placehold_placehold_placehold_placehold_placehold_placehold_placehold_placehold_placehold/lib --with-gmp=/home/ray/mc-x64-2.7/conda-bld/gcc_1479223211463/_b_env_placehold_placehold_placehold_placehold_placehold_placehold_placehold_placehold_placehold_placehold_placehold_placehold_placehold_placehold_placehold_placehold_placehold_placehold_placehold_placehold --with-mpfr=/home/ray/mc-x64-2.7/conda-bld/gcc_1479223211463/_b_env_placehold_placehold_placehold_placehold_placehold_placehold_placehold_placehold_placehold_placehold_placehold_placehold_placehold_placehold_placehold_placehold_placehold_placehold_placehold_placehold --with-mpc=/home/ray/mc-x64-2.7/conda-bld/gcc_1479223211463/_b_env_placehold_placehold_placehold_placehold_placehold_placehold_placehold_placehold_placehold_placehold_placehold_placehold_placehold_placehold_placehold_placehold_placehold_placehold_placehold_placehold --with-isl=/home/ray/mc-x64-2.7/conda-bld/gcc_1479223211463/_b_env_placehold_placehold_placehold_placehold_placehold_placehold_placehold_placehold_placehold_placehold_placehold_placehold_placehold_placehold_placehold_placehold_placehold_placehold_placehold_placehold --with-cloog=/home/ray/mc-x64-2.7/conda-bld/gcc_1479223211463/_b_env_placehold_placehold_placehold_placehold_placehold_placehold_placehold_placehold_placehold_placehold_placehold_placehold_placehold_placehold_placehold_placehold_placehold_placehold_placehold_placehold --enable-checking=release --with-tune=generic --disable-multilib]
  ignore line: [Модель многопоточности: posix]
  ignore line: [gcc версия 4.8.5 (GCC) ]
  ignore line: [COMPILER_PATH=/home/sveta/anaconda3/bin/../libexec/gcc/x86_64-unknown-linux-gnu/4.8.5/:/home/sveta/anaconda3/bin/../libexec/gcc/]
  ignore line: [LIBRARY_PATH=/home/sveta/anaconda3/bin/../lib/gcc/x86_64-unknown-linux-gnu/4.8.5/:/home/sveta/anaconda3/bin/../lib/gcc/:/home/sveta/anaconda3/bin/../lib/gcc/x86_64-unknown-linux-gnu/4.8.5/../../../../lib/:/lib/../lib/:/usr/lib/../lib/:/home/sveta/anaconda3/bin/../lib/gcc/x86_64-unknown-linux-gnu/4.8.5/../../../:/lib/:/usr/lib/]
  ignore line: [COLLECT_GCC_OPTIONS='-v' '-rdynamic' '-o' 'cmTC_59372' '-shared-libgcc' '-mtune=generic' '-march=x86-64']
  link line: [ /home/sveta/anaconda3/bin/../libexec/gcc/x86_64-unknown-linux-gnu/4.8.5/collect2 --eh-frame-hdr -m elf_x86_64 -export-dynamic -dynamic-linker /lib64/ld-linux-x86-64.so.2 -o cmTC_59372 /home/sveta/anaconda3/bin/../lib/gcc/x86_64-unknown-linux-gnu/4.8.5/crt1.o /home/sveta/anaconda3/bin/../lib/gcc/x86_64-unknown-linux-gnu/4.8.5/crti.o /home/sveta/anaconda3/bin/../lib/gcc/x86_64-unknown-linux-gnu/4.8.5/crtbegin.o -L/home/sveta/anaconda3/bin/../lib/gcc/x86_64-unknown-linux-gnu/4.8.5 -L/home/sveta/anaconda3/bin/../lib/gcc -L/home/sveta/anaconda3/bin/../lib/gcc/x86_64-unknown-linux-gnu/4.8.5/../../../../lib -L/lib/../lib -L/usr/lib/../lib -L/home/sveta/anaconda3/bin/../lib/gcc/x86_64-unknown-linux-gnu/4.8.5/../../.. CMakeFiles/cmTC_59372.dir/CMakeCXXCompilerABI.cpp.o -lstdc++ -lm -lgcc_s -lgcc -lc -lgcc_s -lgcc /home/sveta/anaconda3/bin/../lib/gcc/x86_64-unknown-linux-gnu/4.8.5/crtend.o /home/sveta/anaconda3/bin/../lib/gcc/x86_64-unknown-linux-gnu/4.8.5/crtn.o]
    arg [/home/sveta/anaconda3/bin/../libexec/gcc/x86_64-unknown-linux-gnu/4.8.5/collect2] ==> ignore
    arg [--eh-frame-hdr] ==> ignore
    arg [-m] ==> ignore
    arg [elf_x86_64] ==> ignore
    arg [-export-dynamic] ==> ignore
    arg [-dynamic-linker] ==> ignore
    arg [/lib64/ld-linux-x86-64.so.2] ==> ignore
    arg [-o] ==> ignore
    arg [cmTC_59372] ==> ignore
    arg [/home/sveta/anaconda3/bin/../lib/gcc/x86_64-unknown-linux-gnu/4.8.5/crt1.o] ==> ignore
    arg [/home/sveta/anaconda3/bin/../lib/gcc/x86_64-unknown-linux-gnu/4.8.5/crti.o] ==> ignore
    arg [/home/sveta/anaconda3/bin/../lib/gcc/x86_64-unknown-linux-gnu/4.8.5/crtbegin.o] ==> ignore
    arg [-L/home/sveta/anaconda3/bin/../lib/gcc/x86_64-unknown-linux-gnu/4.8.5] ==> dir [/home/sveta/anaconda3/bin/../lib/gcc/x86_64-unknown-linux-gnu/4.8.5]
    arg [-L/home/sveta/anaconda3/bin/../lib/gcc] ==> dir [/home/sveta/anaconda3/bin/../lib/gcc]
    arg [-L/home/sveta/anaconda3/bin/../lib/gcc/x86_64-unknown-linux-gnu/4.8.5/../../../../lib] ==> dir [/home/sveta/anaconda3/bin/../lib/gcc/x86_64-unknown-linux-gnu/4.8.5/../../../../lib]
    arg [-L/lib/../lib] ==> dir [/lib/../lib]
    arg [-L/usr/lib/../lib] ==> dir [/usr/lib/../lib]
    arg [-L/home/sveta/anaconda3/bin/../lib/gcc/x86_64-unknown-linux-gnu/4.8.5/../../..] ==> dir [/home/sveta/anaconda3/bin/../lib/gcc/x86_64-unknown-linux-gnu/4.8.5/../../..]
    arg [CMakeFiles/cmTC_59372.dir/CMakeCXXCompilerABI.cpp.o] ==> ignore
    arg [-lstdc++] ==> lib [stdc++]
    arg [-lm] ==> lib [m]
    arg [-lgcc_s] ==> lib [gcc_s]
    arg [-lgcc] ==> lib [gcc]
    arg [-lc] ==> lib [c]
    arg [-lgcc_s] ==> lib [gcc_s]
    arg [-lgcc] ==> lib [gcc]
    arg [/home/sveta/anaconda3/bin/../lib/gcc/x86_64-unknown-linux-gnu/4.8.5/crtend.o] ==> ignore
    arg [/home/sveta/anaconda3/bin/../lib/gcc/x86_64-unknown-linux-gnu/4.8.5/crtn.o] ==> ignore
  collapse library dir [/home/sveta/anaconda3/bin/../lib/gcc/x86_64-unknown-linux-gnu/4.8.5] ==> [/home/sveta/anaconda3/lib/gcc/x86_64-unknown-linux-gnu/4.8.5]
  collapse library dir [/home/sveta/anaconda3/bin/../lib/gcc] ==> [/home/sveta/anaconda3/lib/gcc]
  collapse library dir [/home/sveta/anaconda3/bin/../lib/gcc/x86_64-unknown-linux-gnu/4.8.5/../../../../lib] ==> [/home/sveta/anaconda3/lib]
  collapse library dir [/lib/../lib] ==> [/lib]
  collapse library dir [/usr/lib/../lib] ==> [/usr/lib]
  collapse library dir [/home/sveta/anaconda3/bin/../lib/gcc/x86_64-unknown-linux-gnu/4.8.5/../../..] ==> [/home/sveta/anaconda3/lib]
  implicit libs: [stdc++;m;gcc_s;gcc;c;gcc_s;gcc]
  implicit dirs: [/home/sveta/anaconda3/lib/gcc/x86_64-unknown-linux-gnu/4.8.5;/home/sveta/anaconda3/lib/gcc;/home/sveta/anaconda3/lib;/lib;/usr/lib]
  implicit fwks: []




Detecting CXX [-std=c++1y] compiler features compiled with the following output:
Change Dir: /home/sveta/Документы/sveta/workspace/otuscpp1/CMakeFiles/CMakeTmp

Run Build Command:"/usr/bin/make" "cmTC_b0167/fast"
/usr/bin/make -f CMakeFiles/cmTC_b0167.dir/build.make CMakeFiles/cmTC_b0167.dir/build
make[1]: вход в каталог «/home/sveta/Документы/sveta/workspace/otuscpp1/CMakeFiles/CMakeTmp»
Building CXX object CMakeFiles/cmTC_b0167.dir/feature_tests.cxx.o
/home/sveta/anaconda3/bin/c++    -std=c++1y -o CMakeFiles/cmTC_b0167.dir/feature_tests.cxx.o -c /home/sveta/Документы/sveta/workspace/otuscpp1/CMakeFiles/feature_tests.cxx
Linking CXX executable cmTC_b0167
/usr/bin/cmake -E cmake_link_script CMakeFiles/cmTC_b0167.dir/link.txt --verbose=1
/home/sveta/anaconda3/bin/c++       -rdynamic CMakeFiles/cmTC_b0167.dir/feature_tests.cxx.o  -o cmTC_b0167 
make[1]: выход из каталога «/home/sveta/Документы/sveta/workspace/otuscpp1/CMakeFiles/CMakeTmp»


    Feature record: CXX_FEATURE:0cxx_aggregate_default_initializers
    Feature record: CXX_FEATURE:1cxx_alias_templates
    Feature record: CXX_FEATURE:1cxx_alignas
    Feature record: CXX_FEATURE:1cxx_alignof
    Feature record: CXX_FEATURE:1cxx_attributes
    Feature record: CXX_FEATURE:0cxx_attribute_deprecated
    Feature record: CXX_FEATURE:1cxx_auto_type
    Feature record: CXX_FEATURE:0cxx_binary_literals
    Feature record: CXX_FEATURE:1cxx_constexpr
    Feature record: CXX_FEATURE:0cxx_contextual_conversions
    Feature record: CXX_FEATURE:1cxx_decltype
    Feature record: CXX_FEATURE:0cxx_decltype_auto
    Feature record: CXX_FEATURE:1cxx_decltype_incomplete_return_types
    Feature record: CXX_FEATURE:1cxx_default_function_template_args
    Feature record: CXX_FEATURE:1cxx_defaulted_functions
    Feature record: CXX_FEATURE:1cxx_defaulted_move_initializers
    Feature record: CXX_FEATURE:1cxx_delegating_constructors
    Feature record: CXX_FEATURE:1cxx_deleted_functions
    Feature record: CXX_FEATURE:0cxx_digit_separators
    Feature record: CXX_FEATURE:1cxx_enum_forward_declarations
    Feature record: CXX_FEATURE:1cxx_explicit_conversions
    Feature record: CXX_FEATURE:1cxx_extended_friend_declarations
    Feature record: CXX_FEATURE:1cxx_extern_templates
    Feature record: CXX_FEATURE:1cxx_final
    Feature record: CXX_FEATURE:1cxx_func_identifier
    Feature record: CXX_FEATURE:1cxx_generalized_initializers
    Feature record: CXX_FEATURE:0cxx_generic_lambdas
    Feature record: CXX_FEATURE:1cxx_inheriting_constructors
    Feature record: CXX_FEATURE:1cxx_inline_namespaces
    Feature record: CXX_FEATURE:1cxx_lambdas
    Feature record: CXX_FEATURE:0cxx_lambda_init_captures
    Feature record: CXX_FEATURE:1cxx_local_type_template_args
    Feature record: CXX_FEATURE:1cxx_long_long_type
    Feature record: CXX_FEATURE:1cxx_noexcept
    Feature record: CXX_FEATURE:1cxx_nonstatic_member_init
    Feature record: CXX_FEATURE:1cxx_nullptr
    Feature record: CXX_FEATURE:1cxx_override
    Feature record: CXX_FEATURE:1cxx_range_for
    Feature record: CXX_FEATURE:1cxx_raw_string_literals
    Feature record: CXX_FEATURE:1cxx_reference_qualified_functions
    Feature record: CXX_FEATURE:0cxx_relaxed_constexpr
    Feature record: CXX_FEATURE:0cxx_return_type_deduction
    Feature record: CXX_FEATURE:1cxx_right_angle_brackets
    Feature record: CXX_FEATURE:1cxx_rvalue_references
    Feature record: CXX_FEATURE:1cxx_sizeof_member
    Feature record: CXX_FEATURE:1cxx_static_assert
    Feature record: CXX_FEATURE:1cxx_strong_enums
    Feature record: CXX_FEATURE:1cxx_template_template_parameters
    Feature record: CXX_FEATURE:1cxx_thread_local
    Feature record: CXX_FEATURE:1cxx_trailing_return_types
    Feature record: CXX_FEATURE:1cxx_unicode_literals
    Feature record: CXX_FEATURE:1cxx_uniform_initialization
    Feature record: CXX_FEATURE:1cxx_unrestricted_unions
    Feature record: CXX_FEATURE:1cxx_user_literals
    Feature record: CXX_FEATURE:0cxx_variable_templates
    Feature record: CXX_FEATURE:1cxx_variadic_macros
    Feature record: CXX_FEATURE:1cxx_variadic_templates


Detecting CXX [-std=c++11] compiler features compiled with the following output:
Change Dir: /home/sveta/Документы/sveta/workspace/otuscpp1/CMakeFiles/CMakeTmp

Run Build Command:"/usr/bin/make" "cmTC_433de/fast"
/usr/bin/make -f CMakeFiles/cmTC_433de.dir/build.make CMakeFiles/cmTC_433de.dir/build
make[1]: вход в каталог «/home/sveta/Документы/sveta/workspace/otuscpp1/CMakeFiles/CMakeTmp»
Building CXX object CMakeFiles/cmTC_433de.dir/feature_tests.cxx.o
/home/sveta/anaconda3/bin/c++    -std=c++11 -o CMakeFiles/cmTC_433de.dir/feature_tests.cxx.o -c /home/sveta/Документы/sveta/workspace/otuscpp1/CMakeFiles/feature_tests.cxx
Linking CXX executable cmTC_433de
/usr/bin/cmake -E cmake_link_script CMakeFiles/cmTC_433de.dir/link.txt --verbose=1
/home/sveta/anaconda3/bin/c++       -rdynamic CMakeFiles/cmTC_433de.dir/feature_tests.cxx.o  -o cmTC_433de 
make[1]: выход из каталога «/home/sveta/Документы/sveta/workspace/otuscpp1/CMakeFiles/CMakeTmp»


    Feature record: CXX_FEATURE:0cxx_aggregate_default_initializers
    Feature record: CXX_FEATURE:1cxx_alias_templates
    Feature record: CXX_FEATURE:1cxx_alignas
    Feature record: CXX_FEATURE:1cxx_alignof
    Feature record: CXX_FEATURE:1cxx_attributes
    Feature record: CXX_FEATURE:0cxx_attribute_deprecated
    Feature record: CXX_FEATURE:1cxx_auto_type
    Feature record: CXX_FEATURE:0cxx_binary_literals
    Feature record: CXX_FEATURE:1cxx_constexpr
    Feature record: CXX_FEATURE:0cxx_contextual_conversions
    Feature record: CXX_FEATURE:1cxx_decltype
    Feature record: CXX_FEATURE:0cxx_decltype_auto
    Feature record: CXX_FEATURE:1cxx_decltype_incomplete_return_types
    Feature record: CXX_FEATURE:1cxx_default_function_template_args
    Feature record: CXX_FEATURE:1cxx_defaulted_functions
    Feature record: CXX_FEATURE:1cxx_defaulted_move_initializers
    Feature record: CXX_FEATURE:1cxx_delegating_constructors
    Feature record: CXX_FEATURE:1cxx_deleted_functions
    Feature record: CXX_FEATURE:0cxx_digit_separators
    Feature record: CXX_FEATURE:1cxx_enum_forward_declarations
    Feature record: CXX_FEATURE:1cxx_explicit_conversions
    Feature record: CXX_FEATURE:1cxx_extended_friend_declarations
    Feature record: CXX_FEATURE:1cxx_extern_templates
    Feature record: CXX_FEATURE:1cxx_final
    Feature record: CXX_FEATURE:1cxx_func_identifier
    Feature record: CXX_FEATURE:1cxx_generalized_initializers
    Feature record: CXX_FEATURE:0cxx_generic_lambdas
    Feature record: CXX_FEATURE:1cxx_inheriting_constructors
    Feature record: CXX_FEATURE:1cxx_inline_namespaces
    Feature record: CXX_FEATURE:1cxx_lambdas
    Feature record: CXX_FEATURE:0cxx_lambda_init_captures
    Feature record: CXX_FEATURE:1cxx_local_type_template_args
    Feature record: CXX_FEATURE:1cxx_long_long_type
    Feature record: CXX_FEATURE:1cxx_noexcept
    Feature record: CXX_FEATURE:1cxx_nonstatic_member_init
    Feature record: CXX_FEATURE:1cxx_nullptr
    Feature record: CXX_FEATURE:1cxx_override
    Feature record: CXX_FEATURE:1cxx_range_for
    Feature record: CXX_FEATURE:1cxx_raw_string_literals
    Feature record: CXX_FEATURE:1cxx_reference_qualified_functions
    Feature record: CXX_FEATURE:0cxx_relaxed_constexpr
    Feature record: CXX_FEATURE:0cxx_return_type_deduction
    Feature record: CXX_FEATURE:1cxx_right_angle_brackets
    Feature record: CXX_FEATURE:1cxx_rvalue_references
    Feature record: CXX_FEATURE:1cxx_sizeof_member
    Feature record: CXX_FEATURE:1cxx_static_assert
    Feature record: CXX_FEATURE:1cxx_strong_enums
    Feature record: CXX_FEATURE:1cxx_template_template_parameters
    Feature record: CXX_FEATURE:1cxx_thread_local
    Feature record: CXX_FEATURE:1cxx_trailing_return_types
    Feature record: CXX_FEATURE:1cxx_unicode_literals
    Feature record: CXX_FEATURE:1cxx_uniform_initialization
    Feature record: CXX_FEATURE:1cxx_unrestricted_unions
    Feature record: CXX_FEATURE:1cxx_user_literals
    Feature record: CXX_FEATURE:0cxx_variable_templates
    Feature record: CXX_FEATURE:1cxx_variadic_macros
    Feature record: CXX_FEATURE:1cxx_variadic_templates


Detecting CXX [-std=c++98] compiler features compiled with the following output:
Change Dir: /home/sveta/Документы/sveta/workspace/otuscpp1/CMakeFiles/CMakeTmp

Run Build Command:"/usr/bin/make" "cmTC_27cc7/fast"
/usr/bin/make -f CMakeFiles/cmTC_27cc7.dir/build.make CMakeFiles/cmTC_27cc7.dir/build
make[1]: вход в каталог «/home/sveta/Документы/sveta/workspace/otuscpp1/CMakeFiles/CMakeTmp»
Building CXX object CMakeFiles/cmTC_27cc7.dir/feature_tests.cxx.o
/home/sveta/anaconda3/bin/c++    -std=c++98 -o CMakeFiles/cmTC_27cc7.dir/feature_tests.cxx.o -c /home/sveta/Документы/sveta/workspace/otuscpp1/CMakeFiles/feature_tests.cxx
Linking CXX executable cmTC_27cc7
/usr/bin/cmake -E cmake_link_script CMakeFiles/cmTC_27cc7.dir/link.txt --verbose=1
/home/sveta/anaconda3/bin/c++       -rdynamic CMakeFiles/cmTC_27cc7.dir/feature_tests.cxx.o  -o cmTC_27cc7 
make[1]: выход из каталога «/home/sveta/Документы/sveta/workspace/otuscpp1/CMakeFiles/CMakeTmp»


    Feature record: CXX_FEATURE:0cxx_aggregate_default_initializers
    Feature record: CXX_FEATURE:0cxx_alias_templates
    Feature record: CXX_FEATURE:0cxx_alignas
    Feature record: CXX_FEATURE:0cxx_alignof
    Feature record: CXX_FEATURE:0cxx_attributes
    Feature record: CXX_FEATURE:0cxx_attribute_deprecated
    Feature record: CXX_FEATURE:0cxx_auto_type
    Feature record: CXX_FEATURE:0cxx_binary_literals
    Feature record: CXX_FEATURE:0cxx_constexpr
    Feature record: CXX_FEATURE:0cxx_contextual_conversions
    Feature record: CXX_FEATURE:0cxx_decltype
    Feature record: CXX_FEATURE:0cxx_decltype_auto
    Feature record: CXX_FEATURE:0cxx_decltype_incomplete_return_types
    Feature record: CXX_FEATURE:0cxx_default_function_template_args
    Feature record: CXX_FEATURE:0cxx_defaulted_functions
    Feature record: CXX_FEATURE:0cxx_defaulted_move_initializers
    Feature record: CXX_FEATURE:0cxx_delegating_constructors
    Feature record: CXX_FEATURE:0cxx_deleted_functions
    Feature record: CXX_FEATURE:0cxx_digit_separators
    Feature record: CXX_FEATURE:0cxx_enum_forward_declarations
    Feature record: CXX_FEATURE:0cxx_explicit_conversions
    Feature record: CXX_FEATURE:0cxx_extended_friend_declarations
    Feature record: CXX_FEATURE:0cxx_extern_templates
    Feature record: CXX_FEATURE:0cxx_final
    Feature record: CXX_FEATURE:0cxx_func_identifier
    Feature record: CXX_FEATURE:0cxx_generalized_initializers
    Feature record: CXX_FEATURE:0cxx_generic_lambdas
    Feature record: CXX_FEATURE:0cxx_inheriting_constructors
    Feature record: CXX_FEATURE:0cxx_inline_namespaces
    Feature record: CXX_FEATURE:0cxx_lambdas
    Feature record: CXX_FEATURE:0cxx_lambda_init_captures
    Feature record: CXX_FEATURE:0cxx_local_type_template_args
    Feature record: CXX_FEATURE:0cxx_long_long_type
    Feature record: CXX_FEATURE:0cxx_noexcept
    Feature record: CXX_FEATURE:0cxx_nonstatic_member_init
    Feature record: CXX_FEATURE:0cxx_nullptr
    Feature record: CXX_FEATURE:0cxx_override
    Feature record: CXX_FEATURE:0cxx_range_for
    Feature record: CXX_FEATURE:0cxx_raw_string_literals
    Feature record: CXX_FEATURE:0cxx_reference_qualified_functions
    Feature record: CXX_FEATURE:0cxx_relaxed_constexpr
    Feature record: CXX_FEATURE:0cxx_return_type_deduction
    Feature record: CXX_FEATURE:0cxx_right_angle_brackets
    Feature record: CXX_FEATURE:0cxx_rvalue_references
    Feature record: CXX_FEATURE:0cxx_sizeof_member
    Feature record: CXX_FEATURE:0cxx_static_assert
    Feature record: CXX_FEATURE:0cxx_strong_enums
    Feature record: CXX_FEATURE:1cxx_template_template_parameters
    Feature record: CXX_FEATURE:0cxx_thread_local
    Feature record: CXX_FEATURE:0cxx_trailing_return_types
    Feature record: CXX_FEATURE:0cxx_unicode_literals
    Feature record: CXX_FEATURE:0cxx_uniform_initialization
    Feature record: CXX_FEATURE:0cxx_unrestricted_unions
    Feature record: CXX_FEATURE:0cxx_user_literals
    Feature record: CXX_FEATURE:0cxx_variable_templates
    Feature record: CXX_FEATURE:0cxx_variadic_macros
    Feature record: CXX_FEATURE:0cxx_variadic_templates
Determining if the include file pthread.h exists passed with the following output:
Change Dir: /home/sveta/Документы/sveta/workspace/otuscpp1/CMakeFiles/CMakeTmp

Run Build Command:"/usr/bin/make" "cmTC_0058f/fast"
/usr/bin/make -f CMakeFiles/cmTC_0058f.dir/build.make CMakeFiles/cmTC_0058f.dir/build
make[1]: вход в каталог «/home/sveta/Документы/sveta/workspace/otuscpp1/CMakeFiles/CMakeTmp»
Building C object CMakeFiles/cmTC_0058f.dir/CheckIncludeFile.c.o
/home/sveta/anaconda3/bin/cc    -o CMakeFiles/cmTC_0058f.dir/CheckIncludeFile.c.o   -c /home/sveta/Документы/sveta/workspace/otuscpp1/CMakeFiles/CMakeTmp/CheckIncludeFile.c
Linking C executable cmTC_0058f
/usr/bin/cmake -E cmake_link_script CMakeFiles/cmTC_0058f.dir/link.txt --verbose=1
/home/sveta/anaconda3/bin/cc      -rdynamic CMakeFiles/cmTC_0058f.dir/CheckIncludeFile.c.o  -o cmTC_0058f 
make[1]: выход из каталога «/home/sveta/Документы/sveta/workspace/otuscpp1/CMakeFiles/CMakeTmp»


Determining if the function pthread_create exists in the pthread passed with the following output:
Change Dir: /home/sveta/Документы/sveta/workspace/otuscpp1/CMakeFiles/CMakeTmp

Run Build Command:"/usr/bin/make" "cmTC_addbf/fast"
/usr/bin/make -f CMakeFiles/cmTC_addbf.dir/build.make CMakeFiles/cmTC_addbf.dir/build
make[1]: вход в каталог «/home/sveta/Документы/sveta/workspace/otuscpp1/CMakeFiles/CMakeTmp»
Building C object CMakeFiles/cmTC_addbf.dir/CheckFunctionExists.c.o
/home/sveta/anaconda3/bin/cc   -DCHECK_FUNCTION_EXISTS=pthread_create   -o CMakeFiles/cmTC_addbf.dir/CheckFunctionExists.c.o   -c /usr/share/cmake-3.10/Modules/CheckFunctionExists.c
Linking C executable cmTC_addbf
/usr/bin/cmake -E cmake_link_script CMakeFiles/cmTC_addbf.dir/link.txt --verbose=1
/home/sveta/anaconda3/bin/cc  -DCHECK_FUNCTION_EXISTS=pthread_create    -rdynamic CMakeFiles/cmTC_addbf.dir/CheckFunctionExists.c.o  -o cmTC_addbf -lpthread 
make[1]: выход из каталога «/home/sveta/Документы/sveta/workspace/otuscpp1/CMakeFiles/CMakeTmp»


