Determining if the pthread_create exist failed with the following output:
Change Dir: /home/sveta/Документы/sveta/workspace/otuscpp1/CMakeFiles/CMakeTmp

Run Build Command:"/usr/bin/make" "cmTC_38d7b/fast"
/usr/bin/make -f CMakeFiles/cmTC_38d7b.dir/build.make CMakeFiles/cmTC_38d7b.dir/build
make[1]: вход в каталог «/home/sveta/Документы/sveta/workspace/otuscpp1/CMakeFiles/CMakeTmp»
Building C object CMakeFiles/cmTC_38d7b.dir/CheckSymbolExists.c.o
/home/sveta/anaconda3/bin/cc    -o CMakeFiles/cmTC_38d7b.dir/CheckSymbolExists.c.o   -c /home/sveta/Документы/sveta/workspace/otuscpp1/CMakeFiles/CMakeTmp/CheckSymbolExists.c
Linking C executable cmTC_38d7b
/usr/bin/cmake -E cmake_link_script CMakeFiles/cmTC_38d7b.dir/link.txt --verbose=1
/home/sveta/anaconda3/bin/cc      -rdynamic CMakeFiles/cmTC_38d7b.dir/CheckSymbolExists.c.o  -o cmTC_38d7b 
CMakeFiles/cmTC_38d7b.dir/CheckSymbolExists.c.o: In function `main':
CheckSymbolExists.c:(.text+0x16): undefined reference to `pthread_create'
collect2: ошибка: выполнение ld завершилось с кодом возврата 1
CMakeFiles/cmTC_38d7b.dir/build.make:97: recipe for target 'cmTC_38d7b' failed
make[1]: *** [cmTC_38d7b] Error 1
make[1]: выход из каталога «/home/sveta/Документы/sveta/workspace/otuscpp1/CMakeFiles/CMakeTmp»
Makefile:126: recipe for target 'cmTC_38d7b/fast' failed
make: *** [cmTC_38d7b/fast] Error 2

File /home/sveta/Документы/sveta/workspace/otuscpp1/CMakeFiles/CMakeTmp/CheckSymbolExists.c:
/* */
#include <pthread.h>

int main(int argc, char** argv)
{
  (void)argv;
#ifndef pthread_create
  return ((int*)(&pthread_create))[argc];
#else
  (void)argc;
  return 0;
#endif
}

Determining if the function pthread_create exists in the pthreads failed with the following output:
Change Dir: /home/sveta/Документы/sveta/workspace/otuscpp1/CMakeFiles/CMakeTmp

Run Build Command:"/usr/bin/make" "cmTC_d4d5f/fast"
/usr/bin/make -f CMakeFiles/cmTC_d4d5f.dir/build.make CMakeFiles/cmTC_d4d5f.dir/build
make[1]: вход в каталог «/home/sveta/Документы/sveta/workspace/otuscpp1/CMakeFiles/CMakeTmp»
Building C object CMakeFiles/cmTC_d4d5f.dir/CheckFunctionExists.c.o
/home/sveta/anaconda3/bin/cc   -DCHECK_FUNCTION_EXISTS=pthread_create   -o CMakeFiles/cmTC_d4d5f.dir/CheckFunctionExists.c.o   -c /usr/share/cmake-3.10/Modules/CheckFunctionExists.c
Linking C executable cmTC_d4d5f
/usr/bin/cmake -E cmake_link_script CMakeFiles/cmTC_d4d5f.dir/link.txt --verbose=1
/home/sveta/anaconda3/bin/cc  -DCHECK_FUNCTION_EXISTS=pthread_create    -rdynamic CMakeFiles/cmTC_d4d5f.dir/CheckFunctionExists.c.o  -o cmTC_d4d5f -lpthreads 
/usr/bin/ld: cannot find -lpthreads
collect2: ошибка: выполнение ld завершилось с кодом возврата 1
CMakeFiles/cmTC_d4d5f.dir/build.make:97: recipe for target 'cmTC_d4d5f' failed
make[1]: *** [cmTC_d4d5f] Error 1
make[1]: выход из каталога «/home/sveta/Документы/sveta/workspace/otuscpp1/CMakeFiles/CMakeTmp»
Makefile:126: recipe for target 'cmTC_d4d5f/fast' failed
make: *** [cmTC_d4d5f/fast] Error 2


